<?xml version="1.0" encoding="UTF-8"?>
<!-- Generated by org.testng.reporters.JUnitXMLReporter -->
<testsuite ignored="0" hostname="ATMECSINLT-044" failures="0" tests="1" name="Validation tests" time="0.941" errors="0" timestamp="08 Nov 2019 10:20:32 GMT">
  <testcase classname="com.atmecs.NinjaStore.testbase.TestBase" name="@BeforeTest initializeBrowser" time="0.125">
    <failure type="java.lang.IllegalStateException" message="The driver executable does not exist: C:\Users\siva.mutyala\AssessmentTwo\NinjaStore\lib\IEDriverServer.exe">
      <![CDATA[java.lang.IllegalStateException: The driver executable does not exist: C:\Users\siva.mutyala\AssessmentTwo\NinjaStore\lib\IEDriverServer.exe
at com.google.common.base.Preconditions.checkState(Preconditions.java:585)
at org.openqa.selenium.remote.service.DriverService.checkExecutable(DriverService.java:146)
at org.openqa.selenium.remote.service.DriverService.findExecutable(DriverService.java:141)
at org.openqa.selenium.ie.InternetExplorerDriverService.access$000(InternetExplorerDriverService.java:35)
at org.openqa.selenium.ie.InternetExplorerDriverService$Builder.findDefaultExecutable(InternetExplorerDriverService.java:175)
at org.openqa.selenium.remote.service.DriverService$Builder.build(DriverService.java:355)
at org.openqa.selenium.ie.InternetExplorerDriver.setupService(InternetExplorerDriver.java:281)
at org.openqa.selenium.ie.InternetExplorerDriver.<init>(InternetExplorerDriver.java:211)
at org.openqa.selenium.ie.InternetExplorerDriver.<init>(InternetExplorerDriver.java:150)
at com.atmecs.NinjaStore.testbase.TestBase.initializeBrowser(TestBase.java:52)
... Removed 24 stack frames]]>
    </failure>
  </testcase> <!-- @BeforeTest initializeBrowser -->
  <testcase classname="com.atmecs.NinjaStore.testscripts.NinjaStoreTestcase" name="@BeforeClass before" time="0.0">
    <skipped/>
  </testcase> <!-- @BeforeClass before -->
  <testcase classname="com.atmecs.NinjaStore.testscripts.NinjaStoreTestcase" name="testcase1" time="0.0">
    <skipped/>
  </testcase> <!-- testcase1 -->
</testsuite> <!-- Validation tests -->
