<?xml version="1.0" encoding="UTF-8"?>
<testng-results ignored="0" total="1" passed="1" failed="0" skipped="0">
  <reporter-output>
  </reporter-output>
  <suite started-at="2019-11-08T15:35:07Z" name="Default suite" finished-at="2019-11-08T15:35:40Z" duration-ms="32909">
    <groups>
    </groups>
    <test started-at="2019-11-08T15:35:07Z" name="Default test" finished-at="2019-11-08T15:35:40Z" duration-ms="32909">
      <class name="com.atmecs.NinjaStore.testscripts.HeatClinicMerchandise">
        <test-method is-config="true" signature="initializeBrowser()[pri:0, instance:com.atmecs.NinjaStore.testscripts.HeatClinicMerchandise@39529185]" started-at="2019-11-08T15:35:07Z" name="initializeBrowser" finished-at="2019-11-08T15:35:13Z" duration-ms="6279" status="PASS">
          <reporter-output>
          </reporter-output>
        </test-method> <!-- initializeBrowser -->
        <test-method is-config="true" signature="launchingUrl()[pri:0, instance:com.atmecs.NinjaStore.testscripts.HeatClinicMerchandise@39529185]" started-at="2019-11-08T15:35:13Z" name="launchingUrl" finished-at="2019-11-08T15:35:19Z" duration-ms="6212" status="PASS">
          <reporter-output>
          </reporter-output>
        </test-method> <!-- launchingUrl -->
        <test-method signature="testcase1(java.lang.String, java.lang.String, java.lang.String, java.lang.String, java.lang.String, java.lang.String, java.lang.String, java.lang.String, java.lang.String)[pri:0, instance:com.atmecs.NinjaStore.testscripts.HeatClinicMerchandise@39529185]" started-at="2019-11-08T15:35:20Z" name="testcase1" data-provider="validationdata" finished-at="2019-11-08T15:35:40Z" duration-ms="19347" status="PASS">
          <params>
            <param index="0">
              <value>
                <![CDATA[Viewing Hot Sauces (1 - 15 of 19)]]>
              </value>
            </param>
            <param index="1">
              <value>
                <![CDATA[Viewing Merchandise (1 - 6 of 6)]]>
              </value>
            </param>
            <param index="2">
              <value>
                <![CDATA[Viewing Clearance (1 - 5 of 5)]]>
              </value>
            </param>
            <param index="3">
              <value>
                <![CDATA[Viewing Mens (1 - 3 of 3)]]>
              </value>
            </param>
            <param index="4">
              <value>
                <![CDATA[Hawt Like a Habanero Shirt (Men's)]]>
              </value>
            </param>
            <param index="5">
              <value>
                <![CDATA[M]]>
              </value>
            </param>
            <param index="6">
              <value>
                <![CDATA[Personalized Name: shirt]]>
              </value>
            </param>
            <param index="7">
              <value>
                <![CDATA[Shirt Color: Red]]>
              </value>
            </param>
            <param index="8">
              <value>
                <![CDATA[$149.90]]>
              </value>
            </param>
          </params>
          <reporter-output>
          </reporter-output>
        </test-method> <!-- testcase1 -->
      </class> <!-- com.atmecs.NinjaStore.testscripts.HeatClinicMerchandise -->
    </test> <!-- Default test -->
  </suite> <!-- Default suite -->
</testng-results>
